<?xml version="1.0" encoding="UTF-8"?>
<testsuite xmlns:xsi="http://www.w3.org/2001/XMLSchema-instance" xsi:noNamespaceSchemaLocation="https://maven.apache.org/surefire/maven-surefire-plugin/xsd/surefire-test-report-3.0.xsd" version="3.0" name="prog1a_part3_chatapp.MessageManagerTest" time="0.063" tests="6" errors="0" skipped="0" failures="0">
  <properties>
[...]
</properties>
  <testcase name="testSearchByMessageID" classname="prog1a_part3_chatapp.MessageManagerTest" time="0.028"/>
  <testcase name="testSentMessagesPopulated" classname="prog1a_part3_chatapp.MessageManagerTest" time="0.007"/>
  <testcase name="testGetLongestStoredMessage" classname="prog1a_part3_chatapp.MessageManagerTest" time="0.002"/>
  <testcase name="testDeleteMessageByHash" classname="prog1a_part3_chatapp.MessageManagerTest" time="0.002"/>
  <testcase name="testSearchByRecipient" classname="prog1a_part3_chatapp.MessageManagerTest" time="0.002"/>
  <testcase name="testGenerateFullReport" classname="prog1a_part3_chatapp.MessageManagerTest" time="0.002"/>
</testsuite>